Using pre-set license
Built from '2020.2/release' branch; Version is '2020.2.0f1 (3721df5a8b28) revision 3613151'; Using compiler version '192528614'; Build Type 'Release'
OS: 'Windows 10  (10.0.0) 64bit' Language: 'en' Physical Memory: 16319 MB
BatchMode: 1, IsHumanControllingUs: 0, StartBugReporterOnCrash: 0, Is64bit: 1, IsPro: 0

 COMMAND LINE ARGUMENTS:
C:\Program Files\Unity\Hub\Editor\2020.2.0f1\Editor\Unity.exe
-adb2
-batchMode
-noUpm
-name
AssetImportWorker0
-projectPath
E:/Dor/Studies/Zenva/Unity/TurnBasePhoton
-logFile
Logs/AssetImportWorker0.log
-srvPort
59651
Successfully changed project path to: E:/Dor/Studies/Zenva/Unity/TurnBasePhoton
E:/Dor/Studies/Zenva/Unity/TurnBasePhoton
Using Asset Import Pipeline V2.
Refreshing native plugins compatible for Editor in 22.34 ms, found 0 plugins.
Preloading 0 native plugins for Editor in 0.00 ms.
Initialize engine version: 2020.2.0f1 (3721df5a8b28)
[Subsystems] Discovering subsystems at path C:/Program Files/Unity/Hub/Editor/2020.2.0f1/Editor/Data/Resources/UnitySubsystems
[Subsystems] Discovering subsystems at path E:/Dor/Studies/Zenva/Unity/TurnBasePhoton/Assets
GfxDevice: creating device client; threaded=0
Direct3D:
    Version:  Direct3D 11.0 [level 11.1]
    Renderer: NVIDIA GeForce GTX 1070 Ti (ID=0x1b82)
    Vendor:   
    VRAM:     8079 MB
    Driver:   27.21.14.6089
Initialize mono
Mono path[0] = 'C:/Program Files/Unity/Hub/Editor/2020.2.0f1/Editor/Data/Managed'
Mono path[1] = 'C:/Program Files/Unity/Hub/Editor/2020.2.0f1/Editor/Data/MonoBleedingEdge/lib/mono/unityjit'
Mono config path = 'C:/Program Files/Unity/Hub/Editor/2020.2.0f1/Editor/Data/MonoBleedingEdge/etc'
Using monoOptions --debugger-agent=transport=dt_socket,embedding=1,server=y,suspend=n,address=127.0.0.1:56276
Begin MonoManager ReloadAssembly
Registering precompiled unity dll's ...
Register platform support module: C:/Program Files/Unity/Hub/Editor/2020.2.0f1/Editor/Data/PlaybackEngines/WindowsStandaloneSupport/UnityEditor.WindowsStandalone.Extensions.dll
Registered in 0.001263 seconds.
Native extension for WindowsStandalone target not found
Refreshing native plugins compatible for Editor in 26.70 ms, found 0 plugins.
Preloading 0 native plugins for Editor in 0.00 ms.
Invoked RoslynAnalysisRunner static constructor.
RoslynAnalysisRunner will not be running.
RoslynAnalysisRunner has terminated.
Mono: successfully reloaded assembly
- Completed reload, in  1.468 seconds
Platform modules already initialized, skipping
Registering precompiled user dll's ...
Registered in 0.001155 seconds.
Begin MonoManager ReloadAssembly
Symbol file LoadedFromMemory is not a mono symbol file
Native extension for WindowsStandalone target not found
Refreshing native plugins compatible for Editor in 0.31 ms, found 0 plugins.
Preloading 0 native plugins for Editor in 0.00 ms.
Invoked RoslynAnalysisRunner static constructor.
RoslynAnalysisRunner will not be running.
RoslynAnalysisRunner has terminated.
Mono: successfully reloaded assembly
- Completed reload, in  0.720 seconds
Platform modules already initialized, skipping
========================================================================
Worker process is ready to serve import requests
Launched and connected shader compiler UnityShaderCompiler.exe after 0.02 seconds
Refreshing native plugins compatible for Editor in 0.21 ms, found 0 plugins.
Preloading 0 native plugins for Editor in 0.00 ms.
Unloading 1381 Unused Serialized files (Serialized files now loaded: 0)
System memory in use before: 66.2 MB.
System memory in use after: 66.3 MB.

Unloading 18 unused Assets to reduce memory usage. Loaded Objects now: 1821.
Total: 1.306200 ms (FindLiveObjects: 0.148500 ms CreateObjectMapping: 0.053300 ms MarkObjects: 1.061700 ms  DeleteObjects: 0.042000 ms)

========================================================================
Received Import Request.
  path: Assets/Scripts/Unit.cs
  artifactKey: Guid(62d60609c7c72104db5cd2c158a4bb74) Importer(815301076,1909f56bfc062723c751e8b465ee728b)
Start importing Assets/Scripts/Unit.cs using Guid(62d60609c7c72104db5cd2c158a4bb74) Importer(815301076,1909f56bfc062723c751e8b465ee728b)  -> (artifact id: '7429c095ab6154b90ca963a9c5a640ed') in 0.054072 seconds
  Import took 0.110449 seconds .

========================================================================
Received Import Request.
  Time since last request: 3821.347163 seconds.
  path: Assets/Scripts/Unit.cs
  artifactKey: Guid(62d60609c7c72104db5cd2c158a4bb74) Importer(815301076,1909f56bfc062723c751e8b465ee728b)
Start importing Assets/Scripts/Unit.cs using Guid(62d60609c7c72104db5cd2c158a4bb74) Importer(815301076,1909f56bfc062723c751e8b465ee728b)  -> (artifact id: '42d07d7c082edfb95328cbb6e7901058') in 0.001146 seconds
  Import took 0.013153 seconds .

========================================================================
Received Import Request.
  Time since last request: 253.185046 seconds.
  path: Assets/Scripts/Unit.cs
  artifactKey: Guid(62d60609c7c72104db5cd2c158a4bb74) Importer(815301076,1909f56bfc062723c751e8b465ee728b)
Start importing Assets/Scripts/Unit.cs using Guid(62d60609c7c72104db5cd2c158a4bb74) Importer(815301076,1909f56bfc062723c751e8b465ee728b)  -> (artifact id: '7460df88d3eb241d7af699d6b6b9691a') in 0.001154 seconds
  Import took 0.013935 seconds .

========================================================================
Received Prepare
Registering precompiled user dll's ...
Registered in 0.062002 seconds.
Begin MonoManager ReloadAssembly
Symbol file LoadedFromMemory is not a mono symbol file
Native extension for WindowsStandalone target not found
Refreshing native plugins compatible for Editor in 0.21 ms, found 0 plugins.
Preloading 0 native plugins for Editor in 0.00 ms.
Invoked RoslynAnalysisRunner static constructor.
RoslynAnalysisRunner will not be running.
RoslynAnalysisRunner has terminated.
Mono: successfully reloaded assembly
- Completed reload, in  0.584 seconds
Platform modules already initialized, skipping
Refreshing native plugins compatible for Editor in 0.22 ms, found 0 plugins.
Preloading 0 native plugins for Editor in 0.00 ms.
Unloading 1361 Unused Serialized files (Serialized files now loaded: 0)
System memory in use before: 65.2 MB.
System memory in use after: 65.3 MB.

Unloading 9 unused Assets to reduce memory usage. Loaded Objects now: 1823.
Total: 1.547600 ms (FindLiveObjects: 0.135700 ms CreateObjectMapping: 0.038600 ms MarkObjects: 1.359100 ms  DeleteObjects: 0.013300 ms)

========================================================================
Received Import Request.
  Time since last request: 259.311477 seconds.
  path: Assets/Scripts/Unit.cs
  artifactKey: Guid(62d60609c7c72104db5cd2c158a4bb74) Importer(815301076,1909f56bfc062723c751e8b465ee728b)
Start importing Assets/Scripts/Unit.cs using Guid(62d60609c7c72104db5cd2c158a4bb74) Importer(815301076,1909f56bfc062723c751e8b465ee728b)  -> (artifact id: 'cc9a4932740cd92cab0659110d9ab781') in 0.002060 seconds
  Import took 0.019046 seconds .

========================================================================
Received Import Request.
  Time since last request: 22.801302 seconds.
  path: Assets/Scenes
  artifactKey: Guid(96c027f069bfbcc4ca2780bc7827eb68) Importer(815301076,1909f56bfc062723c751e8b465ee728b)
Start importing Assets/Scenes using Guid(96c027f069bfbcc4ca2780bc7827eb68) Importer(815301076,1909f56bfc062723c751e8b465ee728b)  -> (artifact id: '7cbcc872d226939bda14e2b46ae4def8') in 0.007213 seconds
  Import took 0.155294 seconds .

========================================================================
Received Import Request.
  Time since last request: 2.508525 seconds.
  path: Assets/Photon
  artifactKey: Guid(98951132346795f438babe7a3183da43) Importer(815301076,1909f56bfc062723c751e8b465ee728b)
Start importing Assets/Photon using Guid(98951132346795f438babe7a3183da43) Importer(815301076,1909f56bfc062723c751e8b465ee728b)  -> (artifact id: '9590bddece66025208f0bd01dccae33b') in 0.000676 seconds
  Import took 0.060896 seconds .

========================================================================
Received Import Request.
  Time since last request: 4.818990 seconds.
  path: Assets/TextMesh Pro
  artifactKey: Guid(f54d1bd14bd3ca042bd867b519fee8cc) Importer(815301076,1909f56bfc062723c751e8b465ee728b)
Start importing Assets/TextMesh Pro using Guid(f54d1bd14bd3ca042bd867b519fee8cc) Importer(815301076,1909f56bfc062723c751e8b465ee728b)  -> (artifact id: '3ac0cc2a6ff00fefd3cb33dfb49ddbc3') in 0.000897 seconds
  Import took 0.003918 seconds .

========================================================================
Received Import Request.
  Time since last request: 2.275772 seconds.
  path: Assets/Tilemap
  artifactKey: Guid(07faefacdd29ea74a913eb0485c78694) Importer(815301076,1909f56bfc062723c751e8b465ee728b)
Start importing Assets/Tilemap using Guid(07faefacdd29ea74a913eb0485c78694) Importer(815301076,1909f56bfc062723c751e8b465ee728b)  -> (artifact id: '0af2b7ac17d19d45be839b7d83efff8f') in 0.010718 seconds
  Import took 0.024780 seconds .

========================================================================
Received Import Request.
  Time since last request: 0.032754 seconds.
  path: Assets/Tilemap/New Palette.prefab
  artifactKey: Guid(3d666bd3f69464f4eb4f9b40ad3ea360) Importer(815301076,1909f56bfc062723c751e8b465ee728b)
Start importing Assets/Tilemap/New Palette.prefab using Guid(3d666bd3f69464f4eb4f9b40ad3ea360) Importer(815301076,1909f56bfc062723c751e8b465ee728b)  -> (artifact id: 'ed5925e9ed3a78b4986d74a258e4ea1f') in 0.035118 seconds
  Import took 0.037469 seconds .

========================================================================
Received Import Request.
  Time since last request: 0.000133 seconds.
  path: Assets/Tilemap/tileGrass1.asset
  artifactKey: Guid(e64f7f0e1c3f65548a1ac9086afdcddd) Importer(815301076,1909f56bfc062723c751e8b465ee728b)
Start importing Assets/Tilemap/tileGrass1.asset using Guid(e64f7f0e1c3f65548a1ac9086afdcddd) Importer(815301076,1909f56bfc062723c751e8b465ee728b)  -> (artifact id: '77591b4b82a2cba1ab7e9ebc4e9cc2cf') in 0.058535 seconds
  Import took 0.060597 seconds .

========================================================================
Received Import Request.
  Time since last request: 2.524340 seconds.
  path: Assets/Sprites
  artifactKey: Guid(ae32a343d2a08aa428f40a40c7cccb46) Importer(815301076,1909f56bfc062723c751e8b465ee728b)
Start importing Assets/Sprites using Guid(ae32a343d2a08aa428f40a40c7cccb46) Importer(815301076,1909f56bfc062723c751e8b465ee728b)  -> (artifact id: 'a5f0a1a476e0df790f22cabd2541b718') in 0.007591 seconds
  Import took 0.017880 seconds .

========================================================================
Received Import Request.
  Time since last request: 0.030084 seconds.
  path: Assets/Sprites/CursorSelector.png
  artifactKey: Guid(ab9b3a6674805204588bf48486366945) Importer(815301076,1909f56bfc062723c751e8b465ee728b)
Start importing Assets/Sprites/CursorSelector.png using Guid(ab9b3a6674805204588bf48486366945) Importer(815301076,1909f56bfc062723c751e8b465ee728b)  -> (artifact id: '2498b3d2ad475ba2932f8c41f691af4a') in 0.089813 seconds
  Import took 0.092439 seconds .

========================================================================
Received Import Request.
  Time since last request: 0.000127 seconds.
  path: Assets/Sprites/tileGrass1.png
  artifactKey: Guid(3a5f10cfdf5f3bf44ad06f1324d1edb3) Importer(815301076,1909f56bfc062723c751e8b465ee728b)
Start importing Assets/Sprites/tileGrass1.png using Guid(3a5f10cfdf5f3bf44ad06f1324d1edb3) Importer(815301076,1909f56bfc062723c751e8b465ee728b)  -> (artifact id: 'e9a8085ec6eef129e199b43a131d2404') in 0.004503 seconds
  Import took 0.006500 seconds .

========================================================================
Received Import Request.
  Time since last request: 0.000134 seconds.
  path: Assets/Sprites/solider_blue.png
  artifactKey: Guid(2575820e2b973ad419ab0bfbbfc30e5c) Importer(815301076,1909f56bfc062723c751e8b465ee728b)
Start importing Assets/Sprites/solider_blue.png using Guid(2575820e2b973ad419ab0bfbbfc30e5c) Importer(815301076,1909f56bfc062723c751e8b465ee728b)  -> (artifact id: '388bd4d626b6372748bf2632fb25b972') in 0.038807 seconds
  Import took 0.045881 seconds .

========================================================================
Received Import Request.
  Time since last request: 0.000138 seconds.
  path: Assets/Sprites/tank_red.png
  artifactKey: Guid(9ffbf403fa166074b869bf24fb1176da) Importer(815301076,1909f56bfc062723c751e8b465ee728b)
Start importing Assets/Sprites/tank_red.png using Guid(9ffbf403fa166074b869bf24fb1176da) Importer(815301076,1909f56bfc062723c751e8b465ee728b)  -> (artifact id: '50098518741af679e11ab3982ae5ccb0') in 0.019386 seconds
  Import took 0.031214 seconds .

========================================================================
Received Import Request.
  Time since last request: 0.000146 seconds.
  path: Assets/Sprites/grassgreen.prefab
  artifactKey: Guid(2c415ec1aba21ad4fb4fb71e94e8c5cd) Importer(815301076,1909f56bfc062723c751e8b465ee728b)
Start importing Assets/Sprites/grassgreen.prefab using Guid(2c415ec1aba21ad4fb4fb71e94e8c5cd) Importer(815301076,1909f56bfc062723c751e8b465ee728b)  -> (artifact id: '986a9d932ae99b22f15853c0b34d87ec') in 0.002359 seconds
  Import took 0.013101 seconds .

========================================================================
Received Import Request.
  Time since last request: 0.000133 seconds.
  path: Assets/Sprites/tank_blue.png
  artifactKey: Guid(f7439bd645f77d949aa6cbe66e1c7a39) Importer(815301076,1909f56bfc062723c751e8b465ee728b)
Start importing Assets/Sprites/tank_blue.png using Guid(f7439bd645f77d949aa6cbe66e1c7a39) Importer(815301076,1909f56bfc062723c751e8b465ee728b)  -> (artifact id: '7b5e8133a5bd384bec7f782ab9e3389c') in 0.012148 seconds
  Import took 0.014228 seconds .

========================================================================
Received Import Request.
  Time since last request: 0.000132 seconds.
  path: Assets/Sprites/solider_red.png
  artifactKey: Guid(76797f981142a7043a14020ed115865f) Importer(815301076,1909f56bfc062723c751e8b465ee728b)
Start importing Assets/Sprites/solider_red.png using Guid(76797f981142a7043a14020ed115865f) Importer(815301076,1909f56bfc062723c751e8b465ee728b)  -> (artifact id: '729dce86b13fb05224a5ea07ece02f9c') in 0.011009 seconds
  Import took 0.020406 seconds .

========================================================================
Received Import Request.
  Time since last request: 0.000118 seconds.
  path: Assets/Sprites/WhiteSquare.png
  artifactKey: Guid(f5cb9e554f139d54d8ab629ceb5ee452) Importer(815301076,1909f56bfc062723c751e8b465ee728b)
Start importing Assets/Sprites/WhiteSquare.png using Guid(f5cb9e554f139d54d8ab629ceb5ee452) Importer(815301076,1909f56bfc062723c751e8b465ee728b)  -> (artifact id: '80c3940d3548a296658051cee87ecef9') in 0.005448 seconds
  Import took 0.007514 seconds .

========================================================================
Received Import Request.
  Time since last request: 108.984087 seconds.
  path: Assets/Resources/Tank.prefab
  artifactKey: Guid(52e0505a1139aac4582e03b3655764b7) Importer(815301076,1909f56bfc062723c751e8b465ee728b)
Start importing Assets/Resources/Tank.prefab using Guid(52e0505a1139aac4582e03b3655764b7) Importer(815301076,1909f56bfc062723c751e8b465ee728b)  -> (artifact id: 'c375fadc5120ebc82da6f2eccf90cfa1') in 0.037724 seconds
  Import took 0.040376 seconds .

========================================================================
Received Import Request.
  Time since last request: 92.441790 seconds.
  path: Assets/Photon/PhotonUnityNetworking/Demos/Shared Assets/Skin/DropDown Arrow.png
  artifactKey: Guid(936345f7fc3934efa8119a8700d904c7) Importer(815301076,1909f56bfc062723c751e8b465ee728b)
Start importing Assets/Photon/PhotonUnityNetworking/Demos/Shared Assets/Skin/DropDown Arrow.png using Guid(936345f7fc3934efa8119a8700d904c7) Importer(815301076,1909f56bfc062723c751e8b465ee728b)  -> (artifact id: 'd370daa0a1a2a7ff8eb87f9a7c8e79d0') in 0.088813 seconds
  Import took 0.091669 seconds .

========================================================================
Received Import Request.
  Time since last request: 0.000134 seconds.
  path: Assets/Photon/PhotonUnityNetworking/Demos/DemoHub/Sprites/toHub.png
  artifactKey: Guid(9587663c4d27e47b19a118aabaac4a08) Importer(815301076,1909f56bfc062723c751e8b465ee728b)
Start importing Assets/Photon/PhotonUnityNetworking/Demos/DemoHub/Sprites/toHub.png using Guid(9587663c4d27e47b19a118aabaac4a08) Importer(815301076,1909f56bfc062723c751e8b465ee728b)  -> (artifact id: '0eaa985a99875ae71d3853d1235acb89') in 0.059478 seconds
  Import took 0.061417 seconds .

========================================================================
Received Import Request.
  Time since last request: 0.000140 seconds.
  path: Assets/Photon/PhotonUnityNetworking/Icons/PunIconApp512.png
  artifactKey: Guid(7377013011b4c3348809ff574abe799e) Importer(815301076,1909f56bfc062723c751e8b465ee728b)
Start importing Assets/Photon/PhotonUnityNetworking/Icons/PunIconApp512.png using Guid(7377013011b4c3348809ff574abe799e) Importer(815301076,1909f56bfc062723c751e8b465ee728b)  -> (artifact id: '1019a3973ef128a93dead532efcbcc78') in 0.038375 seconds
  Import took 0.059076 seconds .

========================================================================
Received Import Request.
  Time since last request: 0.000127 seconds.
  path: Assets/Photon/PhotonUnityNetworking/Icons/PunIconApp128.png
  artifactKey: Guid(f00feafcf0675cd47a48f83ae42b06d4) Importer(815301076,1909f56bfc062723c751e8b465ee728b)
Start importing Assets/Photon/PhotonUnityNetworking/Icons/PunIconApp128.png using Guid(f00feafcf0675cd47a48f83ae42b06d4) Importer(815301076,1909f56bfc062723c751e8b465ee728b)  -> (artifact id: '460375254559bacb6b6e81907aceb806') in 0.037227 seconds
  Import took 0.039015 seconds .

========================================================================
Received Import Request.
  Time since last request: 0.000140 seconds.
  path: Assets/Photon/PhotonUnityNetworking/Icons/PunIconApp32.png
  artifactKey: Guid(436c5e63723127948af8857e903f658a) Importer(815301076,1909f56bfc062723c751e8b465ee728b)
Start importing Assets/Photon/PhotonUnityNetworking/Icons/PunIconApp32.png using Guid(436c5e63723127948af8857e903f658a) Importer(815301076,1909f56bfc062723c751e8b465ee728b)  -> (artifact id: 'ac5df34079664d05c936a98124c35e63') in 0.040169 seconds
  Import took 0.056357 seconds .

========================================================================
Received Import Request.
  Time since last request: 0.000212 seconds.
  path: Assets/Photon/PhotonUnityNetworking/Icons/PunIconApp48.png
  artifactKey: Guid(44ebd8e6f42cae445ab4b22f0a9b48a0) Importer(815301076,1909f56bfc062723c751e8b465ee728b)
Start importing Assets/Photon/PhotonUnityNetworking/Icons/PunIconApp48.png using Guid(44ebd8e6f42cae445ab4b22f0a9b48a0) Importer(815301076,1909f56bfc062723c751e8b465ee728b)  -> (artifact id: '93c05dff8af80d4ebbaa404ed595ea0d') in 0.033463 seconds
  Import took 0.036137 seconds .

========================================================================
Received Import Request.
  Time since last request: 0.000128 seconds.
  path: Assets/Photon/PhotonUnityNetworking/Demos/DemoHub/Sprites/PunIcon-White-129.png
  artifactKey: Guid(56bbc6b42271d4177ac313247f47ac1f) Importer(815301076,1909f56bfc062723c751e8b465ee728b)
Start importing Assets/Photon/PhotonUnityNetworking/Demos/DemoHub/Sprites/PunIcon-White-129.png using Guid(56bbc6b42271d4177ac313247f47ac1f) Importer(815301076,1909f56bfc062723c751e8b465ee728b)  -> (artifact id: '7b980394323e2f67ab274bc9d1e949ca') in 0.048642 seconds
  Import took 0.050433 seconds .

========================================================================
Received Import Request.
  Time since last request: 0.000127 seconds.
  path: Assets/Photon/PhotonUnityNetworking/Demos/DemoHub/Sprites/OutlinedSquaredBox.png
  artifactKey: Guid(c222cd02c447941edb09ecb6433229ce) Importer(815301076,1909f56bfc062723c751e8b465ee728b)
Start importing Assets/Photon/PhotonUnityNetworking/Demos/DemoHub/Sprites/OutlinedSquaredBox.png using Guid(c222cd02c447941edb09ecb6433229ce) Importer(815301076,1909f56bfc062723c751e8b465ee728b)  -> (artifact id: '351fd10ad880c1efff2992a3169e5316') in 0.043922 seconds
  Import took 0.046405 seconds .

========================================================================
Received Import Request.
  Time since last request: 0.000130 seconds.
  path: Assets/Photon/PhotonUnityNetworking/Demos/Shared Assets/Skin/DropDown CheckMark.png
  artifactKey: Guid(fd47c8b4ebfbd4339858d4d23f587519) Importer(815301076,1909f56bfc062723c751e8b465ee728b)
Start importing Assets/Photon/PhotonUnityNetworking/Demos/Shared Assets/Skin/DropDown CheckMark.png using Guid(fd47c8b4ebfbd4339858d4d23f587519) Importer(815301076,1909f56bfc062723c751e8b465ee728b)  -> (artifact id: '67010b36c067eb78f3f60f11c9ae7c2e') in 0.057584 seconds
  Import took 0.059444 seconds .

========================================================================
Received Import Request.
  Time since last request: 0.000123 seconds.
  path: Assets/Photon/PhotonUnityNetworking/Icons/PunIcon-128.png
  artifactKey: Guid(bd293dc32f4aaf94e8274f2fac2cdf89) Importer(815301076,1909f56bfc062723c751e8b465ee728b)
Start importing Assets/Photon/PhotonUnityNetworking/Icons/PunIcon-128.png using Guid(bd293dc32f4aaf94e8274f2fac2cdf89) Importer(815301076,1909f56bfc062723c751e8b465ee728b)  -> (artifact id: '7e369f7fd2a12249c5454ff7bf6d0422') in 0.054290 seconds
  Import took 0.056090 seconds .

========================================================================
Received Import Request.
  Time since last request: 0.000140 seconds.
  path: Assets/Photon/PhotonUnityNetworking/Demos/DemoHub/Sprites/Gradient.png
  artifactKey: Guid(66efb24ed46044ab8a039599cbc47d7b) Importer(815301076,1909f56bfc062723c751e8b465ee728b)
Start importing Assets/Photon/PhotonUnityNetworking/Demos/DemoHub/Sprites/Gradient.png using Guid(66efb24ed46044ab8a039599cbc47d7b) Importer(815301076,1909f56bfc062723c751e8b465ee728b)  -> (artifact id: 'd4ea11fe2537fb6662e21e58a3e1a7cb') in 0.006579 seconds
  Import took 0.008839 seconds .

========================================================================
Received Import Request.
  Time since last request: 198.356934 seconds.
  path: Assets/Resources/Tank.prefab
  artifactKey: Guid(52e0505a1139aac4582e03b3655764b7) Importer(815301076,1909f56bfc062723c751e8b465ee728b)
Start importing Assets/Resources/Tank.prefab using Guid(52e0505a1139aac4582e03b3655764b7) Importer(815301076,1909f56bfc062723c751e8b465ee728b)  -> (artifact id: '6c0a304844eeb73761d65291b24d164a') in 0.007299 seconds
  Import took 0.018173 seconds .

========================================================================
Received Import Request.
  Time since last request: 4.021035 seconds.
  path: Assets/Resources/Soldier.prefab
  artifactKey: Guid(f124191dbcfb33047b398149178e14c6) Importer(815301076,1909f56bfc062723c751e8b465ee728b)
Start importing Assets/Resources/Soldier.prefab using Guid(f124191dbcfb33047b398149178e14c6) Importer(815301076,1909f56bfc062723c751e8b465ee728b)  -> (artifact id: '7e019eda70ce0b3ef737022312ee5487') in 0.007230 seconds
  Import took 0.009018 seconds .

========================================================================
Received Import Request.
  Time since last request: 0.010760 seconds.
  path: Assets/Resources/Soldier.prefab
  artifactKey: Guid(f124191dbcfb33047b398149178e14c6) Importer(815301076,1909f56bfc062723c751e8b465ee728b)
Start importing Assets/Resources/Soldier.prefab using Guid(f124191dbcfb33047b398149178e14c6) Importer(815301076,1909f56bfc062723c751e8b465ee728b)  -> (artifact id: '7e019eda70ce0b3ef737022312ee5487') in 0.018609 seconds
  Import took 0.020497 seconds .

========================================================================
Received Import Request.
  Time since last request: 0.019664 seconds.
  path: Assets/Resources/Soldier.prefab
  artifactKey: Guid(f124191dbcfb33047b398149178e14c6) Importer(815301076,1909f56bfc062723c751e8b465ee728b)
Start importing Assets/Resources/Soldier.prefab using Guid(f124191dbcfb33047b398149178e14c6) Importer(815301076,1909f56bfc062723c751e8b465ee728b)  -> (artifact id: 'dbb27a62643d07fe8def42c471a7f5dd') in 0.005186 seconds
  Import took 0.007316 seconds .

========================================================================
Received Import Request.
  Time since last request: 0.005110 seconds.
  path: Assets/Resources/Soldier.prefab
  artifactKey: Guid(f124191dbcfb33047b398149178e14c6) Importer(815301076,1909f56bfc062723c751e8b465ee728b)
Start importing Assets/Resources/Soldier.prefab using Guid(f124191dbcfb33047b398149178e14c6) Importer(815301076,1909f56bfc062723c751e8b465ee728b)  -> (artifact id: 'dbb27a62643d07fe8def42c471a7f5dd') in 0.005284 seconds
  Import took 0.007878 seconds .

AssetImportWorkerClient::OnTransportError - code=2 error=End of file
