Using pre-set license
Built from '2020.2/release' branch; Version is '2020.2.0f1 (3721df5a8b28) revision 3613151'; Using compiler version '192528614'; Build Type 'Release'
OS: 'Windows 10  (10.0.0) 64bit' Language: 'en' Physical Memory: 16319 MB
BatchMode: 1, IsHumanControllingUs: 0, StartBugReporterOnCrash: 0, Is64bit: 1, IsPro: 0

 COMMAND LINE ARGUMENTS:
C:\Program Files\Unity\Hub\Editor\2020.2.0f1\Editor\Unity.exe
-adb2
-batchMode
-noUpm
-name
AssetImportWorker0
-projectPath
E:/Dor/Studies/Zenva/Unity/TurnBasePhoton
-logFile
Logs/AssetImportWorker0.log
-srvPort
53841
Successfully changed project path to: E:/Dor/Studies/Zenva/Unity/TurnBasePhoton
E:/Dor/Studies/Zenva/Unity/TurnBasePhoton
Using Asset Import Pipeline V2.
Refreshing native plugins compatible for Editor in 21.88 ms, found 0 plugins.
Preloading 0 native plugins for Editor in 0.00 ms.
Initialize engine version: 2020.2.0f1 (3721df5a8b28)
[Subsystems] Discovering subsystems at path C:/Program Files/Unity/Hub/Editor/2020.2.0f1/Editor/Data/Resources/UnitySubsystems
[Subsystems] Discovering subsystems at path E:/Dor/Studies/Zenva/Unity/TurnBasePhoton/Assets
GfxDevice: creating device client; threaded=0
Direct3D:
    Version:  Direct3D 11.0 [level 11.1]
    Renderer: NVIDIA GeForce GTX 1070 Ti (ID=0x1b82)
    Vendor:   
    VRAM:     8079 MB
    Driver:   27.21.14.6089
Initialize mono
Mono path[0] = 'C:/Program Files/Unity/Hub/Editor/2020.2.0f1/Editor/Data/Managed'
Mono path[1] = 'C:/Program Files/Unity/Hub/Editor/2020.2.0f1/Editor/Data/MonoBleedingEdge/lib/mono/unityjit'
Mono config path = 'C:/Program Files/Unity/Hub/Editor/2020.2.0f1/Editor/Data/MonoBleedingEdge/etc'
Using monoOptions --debugger-agent=transport=dt_socket,embedding=1,server=y,suspend=n,address=127.0.0.1:56976
Begin MonoManager ReloadAssembly
Registering precompiled unity dll's ...
Register platform support module: C:/Program Files/Unity/Hub/Editor/2020.2.0f1/Editor/Data/PlaybackEngines/WindowsStandaloneSupport/UnityEditor.WindowsStandalone.Extensions.dll
Registered in 0.001249 seconds.
Native extension for WindowsStandalone target not found
Refreshing native plugins compatible for Editor in 21.25 ms, found 0 plugins.
Preloading 0 native plugins for Editor in 0.00 ms.
Invoked RoslynAnalysisRunner static constructor.
RoslynAnalysisRunner will not be running.
RoslynAnalysisRunner has terminated.
Mono: successfully reloaded assembly
- Completed reload, in  1.267 seconds
Platform modules already initialized, skipping
Registering precompiled user dll's ...
Registered in 0.001133 seconds.
Begin MonoManager ReloadAssembly
Symbol file LoadedFromMemory is not a mono symbol file
Native extension for WindowsStandalone target not found
Refreshing native plugins compatible for Editor in 0.23 ms, found 0 plugins.
Preloading 0 native plugins for Editor in 0.00 ms.
Invoked RoslynAnalysisRunner static constructor.
RoslynAnalysisRunner will not be running.
RoslynAnalysisRunner has terminated.
Mono: successfully reloaded assembly
- Completed reload, in  0.620 seconds
Platform modules already initialized, skipping
========================================================================
Worker process is ready to serve import requests
Launched and connected shader compiler UnityShaderCompiler.exe after 0.02 seconds
Refreshing native plugins compatible for Editor in 0.25 ms, found 0 plugins.
Preloading 0 native plugins for Editor in 0.00 ms.
Unloading 1381 Unused Serialized files (Serialized files now loaded: 0)
System memory in use before: 66.2 MB.
System memory in use after: 66.3 MB.

Unloading 18 unused Assets to reduce memory usage. Loaded Objects now: 1821.
Total: 1.278900 ms (FindLiveObjects: 0.186800 ms CreateObjectMapping: 0.039600 ms MarkObjects: 1.014500 ms  DeleteObjects: 0.037000 ms)

========================================================================
Received Import Request.
  path: Assets/Scripts/GameManager.cs
  artifactKey: Guid(71378923ee3a176448b72711c3a933f5) Importer(815301076,1909f56bfc062723c751e8b465ee728b)
Start importing Assets/Scripts/GameManager.cs using Guid(71378923ee3a176448b72711c3a933f5) Importer(815301076,1909f56bfc062723c751e8b465ee728b)  -> (artifact id: 'b4bf52075dce840842a21b0136ea7c1a') in 0.035783 seconds
  Import took 0.049927 seconds .

========================================================================
Received Prepare
Registering precompiled user dll's ...
Registered in 0.001014 seconds.
Begin MonoManager ReloadAssembly
Symbol file LoadedFromMemory is not a mono symbol file
Native extension for WindowsStandalone target not found
Refreshing native plugins compatible for Editor in 0.24 ms, found 0 plugins.
Preloading 0 native plugins for Editor in 0.00 ms.
Invoked RoslynAnalysisRunner static constructor.
RoslynAnalysisRunner will not be running.
RoslynAnalysisRunner has terminated.
Mono: successfully reloaded assembly
- Completed reload, in  0.596 seconds
Platform modules already initialized, skipping
Refreshing native plugins compatible for Editor in 0.22 ms, found 0 plugins.
Preloading 0 native plugins for Editor in 0.00 ms.
Unloading 1361 Unused Serialized files (Serialized files now loaded: 0)
System memory in use before: 65.2 MB.
System memory in use after: 65.3 MB.

Unloading 9 unused Assets to reduce memory usage. Loaded Objects now: 1823.
Total: 1.177200 ms (FindLiveObjects: 0.145600 ms CreateObjectMapping: 0.039600 ms MarkObjects: 0.980700 ms  DeleteObjects: 0.010600 ms)

========================================================================
Received Import Request.
  Time since last request: 1165.076591 seconds.
  path: Assets/Scripts/GameManager.cs
  artifactKey: Guid(71378923ee3a176448b72711c3a933f5) Importer(815301076,1909f56bfc062723c751e8b465ee728b)
Start importing Assets/Scripts/GameManager.cs using Guid(71378923ee3a176448b72711c3a933f5) Importer(815301076,1909f56bfc062723c751e8b465ee728b)  -> (artifact id: '6b4bbbbad2921fab65a200c4d770cb46') in 0.002055 seconds
  Import took 0.003681 seconds .

========================================================================
Received Prepare
Registering precompiled user dll's ...
Registered in 0.001035 seconds.
Begin MonoManager ReloadAssembly
Symbol file LoadedFromMemory is not a mono symbol file
Native extension for WindowsStandalone target not found
Refreshing native plugins compatible for Editor in 0.22 ms, found 0 plugins.
Preloading 0 native plugins for Editor in 0.00 ms.
Invoked RoslynAnalysisRunner static constructor.
RoslynAnalysisRunner will not be running.
RoslynAnalysisRunner has terminated.
Mono: successfully reloaded assembly
- Completed reload, in  0.576 seconds
Platform modules already initialized, skipping
Refreshing native plugins compatible for Editor in 0.22 ms, found 0 plugins.
Preloading 0 native plugins for Editor in 0.00 ms.
Unloading 1361 Unused Serialized files (Serialized files now loaded: 0)
System memory in use before: 65.3 MB.
System memory in use after: 65.4 MB.

Unloading 9 unused Assets to reduce memory usage. Loaded Objects now: 1825.
Total: 1.117900 ms (FindLiveObjects: 0.108700 ms CreateObjectMapping: 0.031000 ms MarkObjects: 0.966000 ms  DeleteObjects: 0.011500 ms)

========================================================================
Received Import Request.
  Time since last request: 1054.432704 seconds.
  path: Assets/Photon/PhotonUnityNetworking/Demos/DemoSlotRacer/Kenney Assets/Stylized city/Materials/11 - Default.mat
  artifactKey: Guid(b7d67d7d7ddb88542b23886a4b496c77) Importer(815301076,1909f56bfc062723c751e8b465ee728b)
Start importing Assets/Photon/PhotonUnityNetworking/Demos/DemoSlotRacer/Kenney Assets/Stylized city/Materials/11 - Default.mat using Guid(b7d67d7d7ddb88542b23886a4b496c77) Importer(815301076,1909f56bfc062723c751e8b465ee728b)  -> (artifact id: '08386cc5af02f97197f94a32c9db457d') in 0.276165 seconds
  Import took 0.277859 seconds .

========================================================================
Received Import Request.
  Time since last request: 0.000129 seconds.
  path: Assets/Photon/PhotonUnityNetworking/Demos/DemoSlotRacer/Kenney Assets/Stylized city/Materials/car.mat
  artifactKey: Guid(c282d31bf082fca4a822239b62ff8257) Importer(815301076,1909f56bfc062723c751e8b465ee728b)
Start importing Assets/Photon/PhotonUnityNetworking/Demos/DemoSlotRacer/Kenney Assets/Stylized city/Materials/car.mat using Guid(c282d31bf082fca4a822239b62ff8257) Importer(815301076,1909f56bfc062723c751e8b465ee728b)  -> (artifact id: '81beeb2432f1cd41b82c26a956f8bdd6') in 0.015952 seconds
  Import took 0.017587 seconds .

========================================================================
Received Import Request.
  Time since last request: 0.000177 seconds.
  path: Assets/Photon/PhotonUnityNetworking/Demos/DemoAsteroids/Models/Asteroid01.fbx
  artifactKey: Guid(401fae203bae0ee428e401e7f9af9be8) Importer(815301076,1909f56bfc062723c751e8b465ee728b)
Start importing Assets/Photon/PhotonUnityNetworking/Demos/DemoAsteroids/Models/Asteroid01.fbx using Guid(401fae203bae0ee428e401e7f9af9be8) Importer(815301076,1909f56bfc062723c751e8b465ee728b)  -> (artifact id: '055e6a122daa9136cf165f1414fcd463') in 0.104691 seconds
  Import took 0.106402 seconds .

========================================================================
Received Import Request.
  Time since last request: 0.000132 seconds.
  path: Assets/Photon/PhotonUnityNetworking/Demos/Shared Assets/Skin/BoxText.png
  artifactKey: Guid(761ff1491b1f86c4d924261c553ac9cc) Importer(815301076,1909f56bfc062723c751e8b465ee728b)
Start importing Assets/Photon/PhotonUnityNetworking/Demos/Shared Assets/Skin/BoxText.png using Guid(761ff1491b1f86c4d924261c553ac9cc) Importer(815301076,1909f56bfc062723c751e8b465ee728b)  -> (artifact id: 'a16ccdb0adf3cc7e33bf52c0ae12166e') in 0.031263 seconds
  Import took 0.032814 seconds .

========================================================================
Received Import Request.
  Time since last request: 0.000128 seconds.
  path: Assets/Photon/PhotonUnityNetworking/Demos/DemoSlotRacer/Kenney Assets/Racing Kit/Models/billboardLower.fbx
  artifactKey: Guid(271d69ba92e5ec94eaa3779f0ea4ce47) Importer(815301076,1909f56bfc062723c751e8b465ee728b)
Start importing Assets/Photon/PhotonUnityNetworking/Demos/DemoSlotRacer/Kenney Assets/Racing Kit/Models/billboardLower.fbx using Guid(271d69ba92e5ec94eaa3779f0ea4ce47) Importer(815301076,1909f56bfc062723c751e8b465ee728b)  -> (artifact id: '96e2e62350b446ccebccbb4c5a5c0030') in 0.044606 seconds
  Import took 0.046234 seconds .

========================================================================
Received Import Request.
  Time since last request: 0.000130 seconds.
  path: Assets/Photon/PhotonUnityNetworking/Demos/DemoSlotRacer/Kenney Assets/Stylized city/Models/tree_1.FBX
  artifactKey: Guid(92afa2e4e0d0b8542bf48b0de3ac19bd) Importer(815301076,1909f56bfc062723c751e8b465ee728b)
Start importing Assets/Photon/PhotonUnityNetworking/Demos/DemoSlotRacer/Kenney Assets/Stylized city/Models/tree_1.FBX using Guid(92afa2e4e0d0b8542bf48b0de3ac19bd) Importer(815301076,1909f56bfc062723c751e8b465ee728b)  -> (artifact id: '19dc8771697316749544be7e68483831') in 0.035630 seconds
  Import took 0.037667 seconds .

========================================================================
Received Import Request.
  Time since last request: 0.000181 seconds.
  path: Assets/Photon/PhotonUnityNetworking/Demos/DemoSlotRacer/Kenney Assets/Stylized city/Models/car_3.FBX
  artifactKey: Guid(09f4942833b61cf429ab5ae4addaacac) Importer(815301076,1909f56bfc062723c751e8b465ee728b)
Start importing Assets/Photon/PhotonUnityNetworking/Demos/DemoSlotRacer/Kenney Assets/Stylized city/Models/car_3.FBX using Guid(09f4942833b61cf429ab5ae4addaacac) Importer(815301076,1909f56bfc062723c751e8b465ee728b)  -> (artifact id: '8129925a9359bab871fdd031dd235b9b') in 0.052857 seconds
  Import took 0.054991 seconds .

========================================================================
Received Import Request.
  Time since last request: 0.000139 seconds.
  path: Assets/Photon/PhotonUnityNetworking/Demos/DemoSlotRacer/Kenney Assets/Stylized city/Models/hamvee.FBX
  artifactKey: Guid(7b912c5dfa554a04296ecbf246180058) Importer(815301076,1909f56bfc062723c751e8b465ee728b)
Start importing Assets/Photon/PhotonUnityNetworking/Demos/DemoSlotRacer/Kenney Assets/Stylized city/Models/hamvee.FBX using Guid(7b912c5dfa554a04296ecbf246180058) Importer(815301076,1909f56bfc062723c751e8b465ee728b)  -> (artifact id: '5f75640efb3d3b9f295abda4e952301b') in 0.042719 seconds
  Import took 0.044376 seconds .

========================================================================
Received Import Request.
  Time since last request: 0.000132 seconds.
  path: Assets/Photon/PhotonUnityNetworking/Demos/DemoAsteroids/Models/Materials/Asteroid.mat
  artifactKey: Guid(be2c382f522695c4fa3947ac8e1d4457) Importer(815301076,1909f56bfc062723c751e8b465ee728b)
Start importing Assets/Photon/PhotonUnityNetworking/Demos/DemoAsteroids/Models/Materials/Asteroid.mat using Guid(be2c382f522695c4fa3947ac8e1d4457) Importer(815301076,1909f56bfc062723c751e8b465ee728b)  -> (artifact id: 'bbffe0612e0084623e57afa65a05fd3f') in 0.011224 seconds
  Import took 0.012795 seconds .

========================================================================
Received Import Request.
  Time since last request: 0.000129 seconds.
  path: Assets/Photon/PhotonUnityNetworking/Demos/Shared Assets/Prefabs/UI/Button Regular.prefab
  artifactKey: Guid(395d3cc3d7cf0014a870fee72cbd3490) Importer(815301076,1909f56bfc062723c751e8b465ee728b)
Start importing Assets/Photon/PhotonUnityNetworking/Demos/Shared Assets/Prefabs/UI/Button Regular.prefab using Guid(395d3cc3d7cf0014a870fee72cbd3490) Importer(815301076,1909f56bfc062723c751e8b465ee728b)  -> (artifact id: 'ea04fc4cfe1a6744233a2a5af7df0baa') in 0.030912 seconds
  Import took 0.032844 seconds .

========================================================================
Received Import Request.
  Time since last request: 0.000142 seconds.
  path: Assets/Photon/PhotonUnityNetworking/Demos/DemoSlotRacer/Kenney Assets/Racing Kit/Models/Materials/_defaultMat.mat
  artifactKey: Guid(f0a6a86e908f6204ab518387a784ed36) Importer(815301076,1909f56bfc062723c751e8b465ee728b)
Start importing Assets/Photon/PhotonUnityNetworking/Demos/DemoSlotRacer/Kenney Assets/Racing Kit/Models/Materials/_defaultMat.mat using Guid(f0a6a86e908f6204ab518387a784ed36) Importer(815301076,1909f56bfc062723c751e8b465ee728b)  -> (artifact id: '8895e270729c978c1957ded816d430b4') in 0.004766 seconds
  Import took 0.006511 seconds .

========================================================================
Received Import Request.
  Time since last request: 0.000120 seconds.
  path: Assets/Photon/PhotonUnityNetworking/Demos/Shared Assets/Skin/BoxOrange.png
  artifactKey: Guid(13548d8d0fcb5c44b8044ce08a99c697) Importer(815301076,1909f56bfc062723c751e8b465ee728b)
Start importing Assets/Photon/PhotonUnityNetworking/Demos/Shared Assets/Skin/BoxOrange.png using Guid(13548d8d0fcb5c44b8044ce08a99c697) Importer(815301076,1909f56bfc062723c751e8b465ee728b)  -> (artifact id: 'd5cff0073a7245263e3d0f04188714cf') in 0.008665 seconds
  Import took 0.010513 seconds .

========================================================================
Received Import Request.
  Time since last request: 0.000128 seconds.
  path: Assets/Photon/PhotonUnityNetworking/Demos/DemoSlotRacer/Kenney Assets/Stylized city/Models/tree_6.FBX
  artifactKey: Guid(45e438e80c2860545b63beb8d6718edd) Importer(815301076,1909f56bfc062723c751e8b465ee728b)
Start importing Assets/Photon/PhotonUnityNetworking/Demos/DemoSlotRacer/Kenney Assets/Stylized city/Models/tree_6.FBX using Guid(45e438e80c2860545b63beb8d6718edd) Importer(815301076,1909f56bfc062723c751e8b465ee728b)  -> (artifact id: 'b1e5dec2701b787e2154a3ac77842845') in 0.033110 seconds
  Import took 0.034870 seconds .

========================================================================
Received Import Request.
  Time since last request: 0.000132 seconds.
  path: Assets/Photon/PhotonUnityNetworking/Demos/DemoSlotRacer/Kenney Assets/Stylized city/Materials/13 - Default22662.mat
  artifactKey: Guid(7d91274cc4a876a439f75445704f421b) Importer(815301076,1909f56bfc062723c751e8b465ee728b)
Start importing Assets/Photon/PhotonUnityNetworking/Demos/DemoSlotRacer/Kenney Assets/Stylized city/Materials/13 - Default22662.mat using Guid(7d91274cc4a876a439f75445704f421b) Importer(815301076,1909f56bfc062723c751e8b465ee728b)  -> (artifact id: '20364cebfd15d8c694361a958effad5b') in 0.008929 seconds
  Import took 0.010610 seconds .

========================================================================
Received Import Request.
  Time since last request: 0.000134 seconds.
  path: Assets/Photon/PhotonUnityNetworking/Demos/Shared Assets/Skin/BoxBright.png
  artifactKey: Guid(ab6d288fac925ae48bbeb5e02d83dce3) Importer(815301076,1909f56bfc062723c751e8b465ee728b)
Start importing Assets/Photon/PhotonUnityNetworking/Demos/Shared Assets/Skin/BoxBright.png using Guid(ab6d288fac925ae48bbeb5e02d83dce3) Importer(815301076,1909f56bfc062723c751e8b465ee728b)  -> (artifact id: 'd06c90c1e5c9a0709a28d14a25bd868d') in 0.008200 seconds
  Import took 0.010006 seconds .

========================================================================
Received Import Request.
  Time since last request: 0.000131 seconds.
  path: Assets/Photon/PhotonUnityNetworking/Demos/DemoAsteroids/Resources/BigAsteroid.prefab
  artifactKey: Guid(15f43343ba0a60e47a63d28496373c3f) Importer(815301076,1909f56bfc062723c751e8b465ee728b)
Start importing Assets/Photon/PhotonUnityNetworking/Demos/DemoAsteroids/Resources/BigAsteroid.prefab using Guid(15f43343ba0a60e47a63d28496373c3f) Importer(815301076,1909f56bfc062723c751e8b465ee728b)  -> (artifact id: 'b0711bc2009a23127456bffbe48053d3') in 0.191877 seconds
  Import took 0.193607 seconds .

========================================================================
Received Import Request.
  Time since last request: 0.000131 seconds.
  path: Assets/Photon/PhotonUnityNetworking/Demos/DemoSlotRacer/Kenney Assets/Stylized city/Materials/13 - Default54.mat
  artifactKey: Guid(831e4ea6beda02947bdca5aeb8543156) Importer(815301076,1909f56bfc062723c751e8b465ee728b)
Start importing Assets/Photon/PhotonUnityNetworking/Demos/DemoSlotRacer/Kenney Assets/Stylized city/Materials/13 - Default54.mat using Guid(831e4ea6beda02947bdca5aeb8543156) Importer(815301076,1909f56bfc062723c751e8b465ee728b)  -> (artifact id: '141e03a36c58f4ed9686235ef1995ed6') in 0.004036 seconds
  Import took 0.005620 seconds .

========================================================================
Received Import Request.
  Time since last request: 0.000131 seconds.
  path: Assets/Photon/PhotonUnityNetworking/Demos/DemoSlotRacer/Kenney Assets/Stylized city/Materials/13 - Default.mat
  artifactKey: Guid(b957742c5b9bfd441b9b330c8b55d0c5) Importer(815301076,1909f56bfc062723c751e8b465ee728b)
Start importing Assets/Photon/PhotonUnityNetworking/Demos/DemoSlotRacer/Kenney Assets/Stylized city/Materials/13 - Default.mat using Guid(b957742c5b9bfd441b9b330c8b55d0c5) Importer(815301076,1909f56bfc062723c751e8b465ee728b)  -> (artifact id: 'f1bdfc498d4515ea4433e6be5cb89925') in 0.004657 seconds
  Import took 0.006277 seconds .

========================================================================
Received Import Request.
  Time since last request: 0.000127 seconds.
  path: Assets/Photon/PhotonUnityNetworking/Demos/Shared Assets/Skin/BoxTextHover.png
  artifactKey: Guid(13154691f37c1884c865b54d8bd29d6e) Importer(815301076,1909f56bfc062723c751e8b465ee728b)
Start importing Assets/Photon/PhotonUnityNetworking/Demos/Shared Assets/Skin/BoxTextHover.png using Guid(13154691f37c1884c865b54d8bd29d6e) Importer(815301076,1909f56bfc062723c751e8b465ee728b)  -> (artifact id: '355b98c81aca61f440a8669a4304e31f') in 0.003479 seconds
  Import took 0.005185 seconds .

========================================================================
Received Import Request.
  Time since last request: 0.000138 seconds.
  path: Assets/Photon/PhotonUnityNetworking/Demos/DemoSlotRacer/Kenney Assets/Stylized city/Materials/20 - Default.mat
  artifactKey: Guid(4e1a4e79a3548164da24123dbb0f3566) Importer(815301076,1909f56bfc062723c751e8b465ee728b)
Start importing Assets/Photon/PhotonUnityNetworking/Demos/DemoSlotRacer/Kenney Assets/Stylized city/Materials/20 - Default.mat using Guid(4e1a4e79a3548164da24123dbb0f3566) Importer(815301076,1909f56bfc062723c751e8b465ee728b)  -> (artifact id: 'e1e9357c7d7edbb82905e0e6d2260515') in 0.004315 seconds
  Import took 0.006697 seconds .

========================================================================
Received Import Request.
  Time since last request: 0.000164 seconds.
  path: Assets/Photon/PhotonUnityNetworking/Demos/DemoSlotRacer/Kenney Assets/Stylized city/Materials/24 - Default.mat
  artifactKey: Guid(c14837dfa515883428e5652d93e80c72) Importer(815301076,1909f56bfc062723c751e8b465ee728b)
Start importing Assets/Photon/PhotonUnityNetworking/Demos/DemoSlotRacer/Kenney Assets/Stylized city/Materials/24 - Default.mat using Guid(c14837dfa515883428e5652d93e80c72) Importer(815301076,1909f56bfc062723c751e8b465ee728b)  -> (artifact id: '60717614154869ca6ed9843e0adf2133') in 0.005271 seconds
  Import took 0.007059 seconds .

========================================================================
Received Import Request.
  Time since last request: 0.000138 seconds.
  path: Assets/Photon/PhotonUnityNetworking/Demos/DemoSlotRacer/Kenney Assets/Stylized city/Models/car_4.FBX
  artifactKey: Guid(f3cb3c8f5cd4b514ebf9fbfda32cb36d) Importer(815301076,1909f56bfc062723c751e8b465ee728b)
Start importing Assets/Photon/PhotonUnityNetworking/Demos/DemoSlotRacer/Kenney Assets/Stylized city/Models/car_4.FBX using Guid(f3cb3c8f5cd4b514ebf9fbfda32cb36d) Importer(815301076,1909f56bfc062723c751e8b465ee728b)  -> (artifact id: 'f52af64e101094da96ec7cca6f3507e6') in 0.051689 seconds
  Import took 0.053500 seconds .

========================================================================
Received Import Request.
  Time since last request: 0.000127 seconds.
  path: Assets/Photon/PhotonUnityNetworking/Demos/DemoProcedural/Materials/Black.mat
  artifactKey: Guid(1598ff147655ecb4893e78f88baa9475) Importer(815301076,1909f56bfc062723c751e8b465ee728b)
Start importing Assets/Photon/PhotonUnityNetworking/Demos/DemoProcedural/Materials/Black.mat using Guid(1598ff147655ecb4893e78f88baa9475) Importer(815301076,1909f56bfc062723c751e8b465ee728b)  -> (artifact id: '2636ace21b24cbb3442e332fbdcadf59') in 0.007251 seconds
  Import took 0.008907 seconds .

========================================================================
Received Import Request.
  Time since last request: 0.000124 seconds.
  path: Assets/Photon/PhotonUnityNetworking/Demos/DemoAsteroids/Prefabs/Bullet.prefab
  artifactKey: Guid(5624ee9da9d10514ea7b808e83979c85) Importer(815301076,1909f56bfc062723c751e8b465ee728b)
Start importing Assets/Photon/PhotonUnityNetworking/Demos/DemoAsteroids/Prefabs/Bullet.prefab using Guid(5624ee9da9d10514ea7b808e83979c85) Importer(815301076,1909f56bfc062723c751e8b465ee728b)  -> (artifact id: '3967c377d72ab532f57bca465e0affa5') in 0.023000 seconds
  Import took 0.025069 seconds .

========================================================================
Received Import Request.
  Time since last request: 0.000126 seconds.
  path: Assets/Photon/PhotonUnityNetworking/Demos/DemoSlotRacer/Kenney Assets/Stylized city/Materials/22 - Default.mat
  artifactKey: Guid(86080a783905b5740ad2b81f63a2c650) Importer(815301076,1909f56bfc062723c751e8b465ee728b)
Start importing Assets/Photon/PhotonUnityNetworking/Demos/DemoSlotRacer/Kenney Assets/Stylized city/Materials/22 - Default.mat using Guid(86080a783905b5740ad2b81f63a2c650) Importer(815301076,1909f56bfc062723c751e8b465ee728b)  -> (artifact id: '8ba9aa56c1ce3ec73f5898b5d6ec0971') in 0.004614 seconds
  Import took 0.006288 seconds .

========================================================================
Received Import Request.
  Time since last request: 0.000120 seconds.
  path: Assets/Photon/PhotonUnityNetworking/Demos/DemoSlotRacer/Kenney Assets/Racing Kit/Models/Materials/bark.mat
  artifactKey: Guid(5b3826dd21e1d2b4a947c774023d1db3) Importer(815301076,1909f56bfc062723c751e8b465ee728b)
Start importing Assets/Photon/PhotonUnityNetworking/Demos/DemoSlotRacer/Kenney Assets/Racing Kit/Models/Materials/bark.mat using Guid(5b3826dd21e1d2b4a947c774023d1db3) Importer(815301076,1909f56bfc062723c751e8b465ee728b)  -> (artifact id: 'c23a20ee0b3e555624207a710812fb87') in 0.003964 seconds
  Import took 0.005592 seconds .

========================================================================
Received Import Request.
  Time since last request: 0.000116 seconds.
  path: Assets/Photon/PhotonUnityNetworking/Demos/DemoSlotRacer/Kenney Assets/Stylized city/Models/bush1.FBX
  artifactKey: Guid(c8680fab33c72bb4ba3e31987e0b0182) Importer(815301076,1909f56bfc062723c751e8b465ee728b)
Start importing Assets/Photon/PhotonUnityNetworking/Demos/DemoSlotRacer/Kenney Assets/Stylized city/Models/bush1.FBX using Guid(c8680fab33c72bb4ba3e31987e0b0182) Importer(815301076,1909f56bfc062723c751e8b465ee728b)  -> (artifact id: 'a05571156d31da57284c4ed17bd3836a') in 0.015269 seconds
  Import took 0.017013 seconds .

========================================================================
Received Import Request.
  Time since last request: 0.000206 seconds.
  path: Assets/Photon/PhotonUnityNetworking/Demos/DemoSlotRacer/Kenney Assets/Racing Kit/Models/Materials/bark.mat
  artifactKey: Guid(5b3826dd21e1d2b4a947c774023d1db3) Importer(815301076,1909f56bfc062723c751e8b465ee728b)
Start importing Assets/Photon/PhotonUnityNetworking/Demos/DemoSlotRacer/Kenney Assets/Racing Kit/Models/Materials/bark.mat using Guid(5b3826dd21e1d2b4a947c774023d1db3) Importer(815301076,1909f56bfc062723c751e8b465ee728b)  -> (artifact id: 'c23a20ee0b3e555624207a710812fb87') in 0.004354 seconds
  Import took 0.006070 seconds .

========================================================================
Received Import Request.
  Time since last request: 0.000128 seconds.
  path: Assets/Photon/PhotonUnityNetworking/Demos/DemoSlotRacer/Kenney Assets/Stylized city/Models/car_1.FBX
  artifactKey: Guid(1ec55baed88ac07429a52bee4c519015) Importer(815301076,1909f56bfc062723c751e8b465ee728b)
Start importing Assets/Photon/PhotonUnityNetworking/Demos/DemoSlotRacer/Kenney Assets/Stylized city/Models/car_1.FBX using Guid(1ec55baed88ac07429a52bee4c519015) Importer(815301076,1909f56bfc062723c751e8b465ee728b)  -> (artifact id: '6b568a2e1d37249d055b1fb50c1cb350') in 0.062309 seconds
  Import took 0.064183 seconds .

========================================================================
Received Import Request.
  Time since last request: 0.000123 seconds.
  path: Assets/Photon/PhotonUnityNetworking/Demos/Shared Assets/Skin/BoxOrangeRed.png
  artifactKey: Guid(72708a25103c3fe4f9074f7296e86b7a) Importer(815301076,1909f56bfc062723c751e8b465ee728b)
Start importing Assets/Photon/PhotonUnityNetworking/Demos/Shared Assets/Skin/BoxOrangeRed.png using Guid(72708a25103c3fe4f9074f7296e86b7a) Importer(815301076,1909f56bfc062723c751e8b465ee728b)  -> (artifact id: '160ddd476ec43c97ba498f1917fc0e2a') in 0.011144 seconds
  Import took 0.012917 seconds .

========================================================================
Received Import Request.
  Time since last request: 3835.172216 seconds.
  path: Assets/Photon/PhotonUnityNetworking/Resources/PhotonServerSettings.asset
  artifactKey: Guid(7097b4e186ccef74c8476e798337b428) Importer(815301076,1909f56bfc062723c751e8b465ee728b)
Start importing Assets/Photon/PhotonUnityNetworking/Resources/PhotonServerSettings.asset using Guid(7097b4e186ccef74c8476e798337b428) Importer(815301076,1909f56bfc062723c751e8b465ee728b)  -> (artifact id: '8cf6a28150641889c414297c9ea78054') in 0.002827 seconds
  Import took 0.004598 seconds .

========================================================================
Received Import Request.
  Time since last request: 0.018641 seconds.
  path: Assets/Photon/PhotonUnityNetworking/Resources/PhotonServerSettings.asset
  artifactKey: Guid(7097b4e186ccef74c8476e798337b428) Importer(815301076,1909f56bfc062723c751e8b465ee728b)
Start importing Assets/Photon/PhotonUnityNetworking/Resources/PhotonServerSettings.asset using Guid(7097b4e186ccef74c8476e798337b428) Importer(815301076,1909f56bfc062723c751e8b465ee728b)  -> (artifact id: '8cf6a28150641889c414297c9ea78054') in 0.000912 seconds
  Import took 0.002540 seconds .

========================================================================
Received Prepare
Registering precompiled user dll's ...
Registered in 0.024346 seconds.
Begin MonoManager ReloadAssembly
Symbol file LoadedFromMemory is not a mono symbol file
Native extension for WindowsStandalone target not found
Refreshing native plugins compatible for Editor in 0.31 ms, found 0 plugins.
Preloading 0 native plugins for Editor in 0.00 ms.
Invoked RoslynAnalysisRunner static constructor.
RoslynAnalysisRunner will not be running.
RoslynAnalysisRunner has terminated.
Mono: successfully reloaded assembly
- Completed reload, in  0.811 seconds
Platform modules already initialized, skipping
Refreshing native plugins compatible for Editor in 0.22 ms, found 0 plugins.
Preloading 0 native plugins for Editor in 0.00 ms.
Unloading 1361 Unused Serialized files (Serialized files now loaded: 0)
System memory in use before: 70.0 MB.
System memory in use after: 70.1 MB.

Unloading 9 unused Assets to reduce memory usage. Loaded Objects now: 1876.
Total: 3.674200 ms (FindLiveObjects: 0.130600 ms CreateObjectMapping: 0.037600 ms MarkObjects: 3.489900 ms  DeleteObjects: 0.015300 ms)

AssetImportWorkerClient::OnTransportError - code=2 error=End of file
